[debug] [2017-11-30T16:58:06.164Z] ----------------------------------------------------------------------
[debug] [2017-11-30T16:58:06.289Z] Command:       C:\Program Files\nodejs\node.exe C:\Users\keiler.trindade\AppData\Roaming\npm\node_modules\firebase-tools\bin\firebase deploy
[debug] [2017-11-30T16:58:06.352Z] CLI Version:   3.15.3
[debug] [2017-11-30T16:58:06.352Z] Platform:      win32
[debug] [2017-11-30T16:58:06.352Z] Node Version:  v8.9.1
[debug] [2017-11-30T16:58:06.649Z] Time:          Thu Nov 30 2017 13:58:06 GMT-0300 (Hora oficial do Brasil)
[debug] [2017-11-30T16:58:06.649Z] ----------------------------------------------------------------------
[debug] 
[debug] [2017-11-30T16:58:07.930Z] > command requires scopes: ["email","openid","https://www.googleapis.com/auth/cloudplatformprojects.readonly","https://www.googleapis.com/auth/firebase","https://www.googleapis.com/auth/cloud-platform"]
[debug] [2017-11-30T16:58:07.930Z] > authorizing via signed-in user
[debug] [2017-11-30T16:58:07.930Z] > refreshing access token with scopes: ["email","https://www.googleapis.com/auth/cloud-platform","https://www.googleapis.com/auth/cloudplatformprojects.readonly","https://www.googleapis.com/auth/firebase","openid"]
[debug] [2017-11-30T16:58:07.945Z] >>> HTTP REQUEST POST https://www.googleapis.com/oauth2/v3/token { refresh_token: '1/L0uOyGAwCENYHYG8kuIe3f2-eRDtwXkVeP2NlzS0EI0',
  client_id: '563584335869-fgrhgmd47bqnekij5i8b5pr03ho849e6.apps.googleusercontent.com',
  client_secret: 'j9iVZfS8kkCEFUPaAeJV0sAi',
  grant_type: 'refresh_token',
  scope: 'email https://www.googleapis.com/auth/cloud-platform https://www.googleapis.com/auth/cloudplatformprojects.readonly https://www.googleapis.com/auth/firebase openid' } 
 Thu Nov 30 2017 13:58:07 GMT-0300 (Hora oficial do Brasil)
[debug] [2017-11-30T16:58:12.305Z] <<< HTTP RESPONSE 200
[debug] [2017-11-30T16:58:12.430Z] >>> HTTP REQUEST GET https://admin.firebase.com/v1/projects/projeto-de-sistemas-app  
 Thu Nov 30 2017 13:58:12 GMT-0300 (Hora oficial do Brasil)
[debug] [2017-11-30T16:58:13.649Z] <<< HTTP RESPONSE 200
[debug] [2017-11-30T16:58:13.649Z] >>> HTTP REQUEST GET https://admin.firebase.com/v1/database/projeto-de-sistemas-app/tokens  
 Thu Nov 30 2017 13:58:13 GMT-0300 (Hora oficial do Brasil)
[debug] [2017-11-30T16:58:14.430Z] <<< HTTP RESPONSE 200
[info] 
[info] === Deploying to 'projeto-de-sistemas-app'...
[info] 
[info] i  deploying database, storage, firestore, functions, hosting
[info] i  database: checking rules syntax...
[debug] [2017-11-30T16:58:17.477Z] >>> HTTP REQUEST PUT https://projeto-de-sistemas-app.firebaseio.com/.settings/rules.json?dryRun=true {
  "rules": {
    ".read": "auth != null",
    ".write": "auth != null"
  }
}
 
 Thu Nov 30 2017 13:58:17 GMT-0300 (Hora oficial do Brasil)
[debug] [2017-11-30T16:58:18.696Z] <<< HTTP RESPONSE 200
[info] +  database: rules syntax for database projeto-de-sistemas-app is valid
[debug] [2017-11-30T16:58:18.711Z] >>> HTTP REQUEST GET https://appengine.googleapis.com/v1/apps/projeto-de-sistemas-app  
 Thu Nov 30 2017 13:58:18 GMT-0300 (Hora oficial do Brasil)
[debug] [2017-11-30T16:58:20.305Z] <<< HTTP RESPONSE 200
[info] i  storage: checking storage.rules for compilation errors...
[debug] [2017-11-30T16:58:20.321Z] >>> HTTP REQUEST POST https://firebaserules.googleapis.com/v1/projects/projeto-de-sistemas-app:test { source: { files: [ [Object] ] } } 
 Thu Nov 30 2017 13:58:20 GMT-0300 (Hora oficial do Brasil)
[debug] [2017-11-30T16:58:21.774Z] <<< HTTP RESPONSE 200
[info] +  storage: rules file storage.rules compiled successfully
[info] i  firestore: checking firestore.rules for compilation errors...
[debug] [2017-11-30T16:58:22.289Z] >>> HTTP REQUEST POST https://firebaserules.googleapis.com/v1/projects/projeto-de-sistemas-app:test { source: { files: [ [Object] ] } } 
 Thu Nov 30 2017 13:58:22 GMT-0300 (Hora oficial do Brasil)
[debug] [2017-11-30T16:58:23.352Z] <<< HTTP RESPONSE 200
[info] +  firestore: rules file firestore.rules compiled successfully
[debug] [2017-11-30T16:58:23.367Z] > [functions] package.json contents: {
  "name": "functions",
  "description": "Cloud Functions for Firebase",
  "scripts": {
    "serve": "firebase serve --only functions",
    "shell": "firebase experimental:functions:shell",
    "start": "npm run shell",
    "deploy": "firebase deploy --only functions",
    "logs": "firebase functions:log"
  },
  "dependencies": {
    "firebase-admin": "~5.4.2",
    "firebase-functions": "^0.7.1"
  },
  "private": true
}
[info] i  functions: ensuring necessary APIs are enabled...
[info] i  runtimeconfig: ensuring necessary APIs are enabled...
[debug] [2017-11-30T16:58:23.383Z] >>> HTTP REQUEST GET https://servicemanagement.googleapis.com/v1/services/cloudfunctions.googleapis.com/projectSettings/projeto-de-sistemas-app?view=CONSUMER_VIEW  
 Thu Nov 30 2017 13:58:23 GMT-0300 (Hora oficial do Brasil)
[debug] [2017-11-30T16:58:23.383Z] >>> HTTP REQUEST GET https://servicemanagement.googleapis.com/v1/services/runtimeconfig.googleapis.com/projectSettings/projeto-de-sistemas-app?view=CONSUMER_VIEW  
 Thu Nov 30 2017 13:58:23 GMT-0300 (Hora oficial do Brasil)
[debug] [2017-11-30T16:58:24.430Z] <<< HTTP RESPONSE 200
[info] +  runtimeconfig: all necessary APIs are enabled
[debug] [2017-11-30T16:58:25.383Z] <<< HTTP RESPONSE 200
[info] +  functions: all necessary APIs are enabled
[debug] [2017-11-30T16:58:25.383Z] >>> HTTP REQUEST GET https://appengine.googleapis.com/v1/apps/projeto-de-sistemas-app  
 Thu Nov 30 2017 13:58:25 GMT-0300 (Hora oficial do Brasil)
[debug] [2017-11-30T16:58:25.383Z] >>> HTTP REQUEST GET https://apikeys.googleapis.com/v1/projects/projeto-de-sistemas-app/apiKeys  
 Thu Nov 30 2017 13:58:25 GMT-0300 (Hora oficial do Brasil)
[debug] [2017-11-30T16:58:26.446Z] <<< HTTP RESPONSE 200
[debug] [2017-11-30T16:58:26.711Z] <<< HTTP RESPONSE 200
[info] i  storage: uploading rules storage.rules...
[debug] [2017-11-30T16:58:26.727Z] >>> HTTP REQUEST POST https://firebaserules.googleapis.com/v1/projects/projeto-de-sistemas-app/rulesets { source: { files: [ [Object] ] } } 
 Thu Nov 30 2017 13:58:26 GMT-0300 (Hora oficial do Brasil)
[debug] [2017-11-30T16:58:27.930Z] <<< HTTP RESPONSE 200
[debug] [2017-11-30T16:58:27.946Z] [rules] created ruleset projects/projeto-de-sistemas-app/rulesets/bc725c4d-fec2-4668-baf0-ac7a3c8ead8e
[info] i  firestore: uploading rules firestore.rules...
[debug] [2017-11-30T16:58:27.946Z] >>> HTTP REQUEST POST https://firebaserules.googleapis.com/v1/projects/projeto-de-sistemas-app/rulesets { source: { files: [ [Object] ] } } 
 Thu Nov 30 2017 13:58:27 GMT-0300 (Hora oficial do Brasil)
[debug] [2017-11-30T16:58:27.946Z] >>> HTTP REQUEST GET https://firestore.googleapis.com/v1beta1/projects/projeto-de-sistemas-app/databases/(default)/indexes  
 Thu Nov 30 2017 13:58:27 GMT-0300 (Hora oficial do Brasil)
[debug] [2017-11-30T16:58:29.149Z] <<< HTTP RESPONSE 200
[debug] [2017-11-30T16:58:29.149Z] [rules] created ruleset projects/projeto-de-sistemas-app/rulesets/56651e3d-7122-4960-a26a-100ddab5818c
[debug] [2017-11-30T16:58:29.196Z] <<< HTTP RESPONSE 200
